app/build/outputs/logs/manifest-merger-debug-report.txt
-- Merging decision tree log ---
manifest
ADDED from src/main/AndroidManifest.xml:2:1-105:12
	xmlns:android
		ADDED from src/main/AndroidManifest.xml:2:11-69
	package
		ADDED from src/main/AndroidManifest.xml:3:5-45
		INJECTED from src/main/AndroidManifest.xml
		INJECTED from src/main/AndroidManifest.xml
	android:versionName
		ADDED from src/main/AndroidManifest.xml:5:5-30
		INJECTED from src/main/AndroidManifest.xml
		INJECTED from src/main/AndroidManifest.xml
	android:versionCode
		ADDED from src/main/AndroidManifest.xml:4:5-28
		INJECTED from src/main/AndroidManifest.xml
		INJECTED from src/main/AndroidManifest.xml
uses-sdk
ADDED from src/main/AndroidManifest.xml:7:5-9:41
	android:targetSdkVersion
		ADDED from src/main/AndroidManifest.xml:9:9-38
		INJECTED from src/main/AndroidManifest.xml
		INJECTED from src/main/AndroidManifest.xml
	android:minSdkVersion
		ADDED from src/main/AndroidManifest.xml:8:9-35
		INJECTED from src/main/AndroidManifest.xml
		INJECTED from src/main/AndroidManifest.xml
uses-feature#android.hardware.camera
ADDED from src/main/AndroidManifest.xml:11:5-13:35
	android:required
		ADDED from src/main/AndroidManifest.xml:13:9-32
	android:name
		ADDED from src/main/AndroidManifest.xml:12:9-47
uses-permission#android.permission.WRITE_EXTERNAL_STORAGE
ADDED from src/main/AndroidManifest.xml:15:5-81
	android:name
		ADDED from src/main/AndroidManifest.xml:15:22-78
uses-permission#android.permission.INTERNET
ADDED from src/main/AndroidManifest.xml:16:5-67
	android:name
		ADDED from src/main/AndroidManifest.xml:16:22-64
uses-permission#android.permission.ACCESS_NETWORK_STATE
ADDED from src/main/AndroidManifest.xml:17:5-79
	android:name
		ADDED from src/main/AndroidManifest.xml:17:22-76
uses-permission#android.permission.WAKE_LOCK
ADDED from src/main/AndroidManifest.xml:18:5-68
	android:name
		ADDED from src/main/AndroidManifest.xml:18:22-65
uses-permission#android.permission.VIBRATE
ADDED from src/main/AndroidManifest.xml:19:5-66
	android:name
		ADDED from src/main/AndroidManifest.xml:19:22-63
uses-permission#android.permission.RECEIVE_BOOT_COMPLETED
ADDED from src/main/AndroidManifest.xml:20:5-81
	android:name
		ADDED from src/main/AndroidManifest.xml:20:22-78
uses-permission#android.permission.GET_ACCOUNTS
ADDED from src/main/AndroidManifest.xml:21:5-71
	android:name
		ADDED from src/main/AndroidManifest.xml:21:22-68
uses-permission#com.google.android.c2dm.permission.RECEIVE
ADDED from src/main/AndroidManifest.xml:22:5-82
	android:name
		ADDED from src/main/AndroidManifest.xml:22:22-79
permission#uk.co.bigdogconsultants.ribbit.permission.C2D_MESSAGE
ADDED from src/main/AndroidManifest.xml:24:5-26:47
	android:protectionLevel
		ADDED from src/main/AndroidManifest.xml:26:9-44
	android:name
		ADDED from src/main/AndroidManifest.xml:25:9-77
uses-permission#uk.co.bigdogconsultants.ribbit.permission.C2D_MESSAGE
ADDED from src/main/AndroidManifest.xml:28:5-93
	android:name
		ADDED from src/main/AndroidManifest.xml:28:22-90
application
ADDED from src/main/AndroidManifest.xml:30:5-103:19
	android:label
		ADDED from src/main/AndroidManifest.xml:34:9-41
	android:allowBackup
		ADDED from src/main/AndroidManifest.xml:32:9-35
	android:icon
		ADDED from src/main/AndroidManifest.xml:33:9-45
	android:theme
		ADDED from src/main/AndroidManifest.xml:35:9-44
	android:name
		ADDED from src/main/AndroidManifest.xml:31:9-72
activity#uk.co.bigdogconsultants.ribbit.ui.MainActivity
ADDED from src/main/AndroidManifest.xml:36:9-45:20
	android:screenOrientation
		ADDED from src/main/AndroidManifest.xml:39:13-49
	android:label
		ADDED from src/main/AndroidManifest.xml:38:13-45
	android:name
		ADDED from src/main/AndroidManifest.xml:37:13-74
intent-filter#android.intent.action.MAIN+android.intent.category.LAUNCHER
ADDED from src/main/AndroidManifest.xml:40:13-44:29
action#android.intent.action.MAIN
ADDED from src/main/AndroidManifest.xml:41:17-69
	android:name
		ADDED from src/main/AndroidManifest.xml:41:25-66
category#android.intent.category.LAUNCHER
ADDED from src/main/AndroidManifest.xml:43:17-77
	android:name
		ADDED from src/main/AndroidManifest.xml:43:27-74
activity#uk.co.bigdogconsultants.ribbit.ui.LoginActivity
ADDED from src/main/AndroidManifest.xml:46:9-50:20
	android:screenOrientation
		ADDED from src/main/AndroidManifest.xml:49:13-49
	android:label
		ADDED from src/main/AndroidManifest.xml:48:13-57
	android:name
		ADDED from src/main/AndroidManifest.xml:47:13-75
activity#uk.co.bigdogconsultants.ribbit.ui.SignUpActivity
ADDED from src/main/AndroidManifest.xml:51:9-56:20
	android:screenOrientation
		ADDED from src/main/AndroidManifest.xml:55:13-49
	android:label
		ADDED from src/main/AndroidManifest.xml:53:13-59
	android:parentActivityName
		ADDED from src/main/AndroidManifest.xml:54:13-89
	android:name
		ADDED from src/main/AndroidManifest.xml:52:13-76
activity#uk.co.bigdogconsultants.ribbit.ui.EditFriendsActivity
ADDED from src/main/AndroidManifest.xml:57:9-65:20
	android:screenOrientation
		ADDED from src/main/AndroidManifest.xml:61:13-49
	android:label
		ADDED from src/main/AndroidManifest.xml:59:13-64
	android:parentActivityName
		ADDED from src/main/AndroidManifest.xml:60:13-88
	android:name
		ADDED from src/main/AndroidManifest.xml:58:13-81
meta-data#android.support.PARENT_ACTIVITY
ADDED from src/main/AndroidManifest.xml:62:13-64:82
	android:name
		ADDED from src/main/AndroidManifest.xml:63:17-63
	android:value
		ADDED from src/main/AndroidManifest.xml:64:17-79
activity#uk.co.bigdogconsultants.ribbit.ui.RecipientsActivity
ADDED from src/main/AndroidManifest.xml:66:9-74:20
	android:screenOrientation
		ADDED from src/main/AndroidManifest.xml:70:13-49
	android:label
		ADDED from src/main/AndroidManifest.xml:68:13-62
	android:parentActivityName
		ADDED from src/main/AndroidManifest.xml:69:13-88
	android:name
		ADDED from src/main/AndroidManifest.xml:67:13-80
activity#uk.co.bigdogconsultants.ribbit.ui.ViewImageActivity
ADDED from src/main/AndroidManifest.xml:75:9-83:20
	android:screenOrientation
		ADDED from src/main/AndroidManifest.xml:79:13-49
	android:label
		ADDED from src/main/AndroidManifest.xml:77:13-62
	android:parentActivityName
		ADDED from src/main/AndroidManifest.xml:78:13-88
	android:name
		ADDED from src/main/AndroidManifest.xml:76:13-79
service#com.parse.PushService
ADDED from src/main/AndroidManifest.xml:85:9-57
	android:name
		ADDED from src/main/AndroidManifest.xml:85:18-54
receiver#com.parse.ParseBroadcastReceiver
ADDED from src/main/AndroidManifest.xml:87:9-92:20
	android:name
		ADDED from src/main/AndroidManifest.xml:87:19-66
intent-filter#android.intent.action.BOOT_COMPLETED+android.intent.action.USER_PRESENT
ADDED from src/main/AndroidManifest.xml:88:13-91:29
action#android.intent.action.BOOT_COMPLETED
ADDED from src/main/AndroidManifest.xml:89:17-79
	android:name
		ADDED from src/main/AndroidManifest.xml:89:25-76
action#android.intent.action.USER_PRESENT
ADDED from src/main/AndroidManifest.xml:90:17-77
	android:name
		ADDED from src/main/AndroidManifest.xml:90:25-74
receiver#com.parse.GcmBroadcastReceiver
ADDED from src/main/AndroidManifest.xml:93:9-102:20
	android:permission
		ADDED from src/main/AndroidManifest.xml:95:13-73
	android:name
		ADDED from src/main/AndroidManifest.xml:94:13-58
intent-filter#com.google.android.c2dm.intent.RECEIVE+com.google.android.c2dm.intent.REGISTRATION+uk.co.bigdogconsultants.ribbit
ADDED from src/main/AndroidManifest.xml:96:13-101:29
action#com.google.android.c2dm.intent.RECEIVE
ADDED from src/main/AndroidManifest.xml:97:17-81
	android:name
		ADDED from src/main/AndroidManifest.xml:97:25-78
action#com.google.android.c2dm.intent.REGISTRATION
ADDED from src/main/AndroidManifest.xml:98:17-86
	android:name
		ADDED from src/main/AndroidManifest.xml:98:25-83
category#uk.co.bigdogconsultants.ribbit
ADDED from src/main/AndroidManifest.xml:100:17-75
	android:name
		ADDED from src/main/AndroidManifest.xml:100:27-72